2026-03-09T07:45:43.558100Z  INFO tailwindcss_oxide::scanner: Provided sources:
2026-03-09T07:45:43.558945Z  INFO tailwindcss_oxide::scanner: Source: PublicSourceEntry { base: "D:\\ResumeAI", pattern: "**/*", negated: false }
2026-03-09T07:45:43.561014Z  INFO tailwindcss_oxide::scanner: Source: PublicSourceEntry { base: "D:\\ResumeAI\\src\\app", pattern: "../components", negated: false }
2026-03-09T07:45:43.561060Z  INFO tailwindcss_oxide::scanner: Source: PublicSourceEntry { base: "D:\\ResumeAI\\src\\app", pattern: "./", negated: false }
2026-03-09T07:45:43.561083Z  INFO tailwindcss_oxide::scanner: Source: PublicSourceEntry { base: "D:\\ResumeAI\\src\\app", pattern: "../lib", negated: false }
2026-03-09T07:45:43.562632Z  INFO tailwindcss_oxide::scanner: Optimized sources:
2026-03-09T07:45:43.563136Z  INFO tailwindcss_oxide::scanner: Source: Auto { base: "D:\\ResumeAI" }
2026-03-09T07:45:43.563452Z  INFO tailwindcss_oxide::scanner: Source: Auto { base: "D:\\ResumeAI\\src\\components" }
2026-03-09T07:45:43.563469Z  INFO tailwindcss_oxide::scanner: Source: Auto { base: "D:\\ResumeAI\\src\\app" }
2026-03-09T07:45:43.563478Z  INFO tailwindcss_oxide::scanner: Source: Auto { base: "D:\\ResumeAI\\src\\lib" }
2026-03-09T07:45:43.568782Z  INFO discover_sources: tailwindcss_oxide::scanner: enter
2026-03-09T07:45:43.568855Z  INFO discover_sources:walk_synchronous: tailwindcss_oxide::scanner: enter
2026-03-09T07:45:43.671796Z  INFO discover_sources:walk_synchronous: tailwindcss_oxide::scanner: exit
2026-03-09T07:45:43.673281Z  INFO tailwindcss_oxide::scanner: Reading "D:\\ResumeAI\\src\\components\\Footer.tsx"
2026-03-09T07:45:43.673833Z  INFO tailwindcss_oxide::scanner: Reading "D:\\ResumeAI\\.github\\workflows\\ci.yml"
2026-03-09T07:45:43.673986Z  INFO tailwindcss_oxide::scanner: Reading "D:\\ResumeAI\\src\\components\\ui\\textarea.tsx"
2026-03-09T07:45:43.674013Z  INFO tailwindcss_oxide::scanner: Reading "D:\\ResumeAI\\src\\components\\templates\\StartupTemplate.tsx"
2026-03-09T07:45:43.674251Z  INFO tailwindcss_oxide::scanner: Reading "D:\\ResumeAI\\src\\components\\form\\cards\\EducationCard.tsx"
2026-03-09T07:45:43.674277Z  INFO tailwindcss_oxide::scanner: Reading "D:\\ResumeAI\\src\\components\\form\\PersonalSection.tsx"
2026-03-09T07:45:43.674330Z  INFO tailwindcss_oxide::scanner: Reading "D:\\ResumeAI\\components.json"
2026-03-09T07:45:43.674500Z  INFO tailwindcss_oxide::scanner: Reading "D:\\ResumeAI\\src\\app\\api\\profile\\disconnect\\route.ts"
2026-03-09T07:45:43.674668Z  INFO tailwindcss_oxide::scanner: Reading "D:\\ResumeAI\\docker-compose.yml"
2026-03-09T07:45:43.674679Z  INFO tailwindcss_oxide::scanner: Reading "D:\\ResumeAI\\src\\components\\ResumePreview.tsx"
2026-03-09T07:45:43.674756Z  INFO tailwindcss_oxide::scanner: Reading "D:\\ResumeAI\\src\\app\\api\\profile\\update\\route.ts"
2026-03-09T07:45:43.674773Z  INFO tailwindcss_oxide::scanner: Reading "D:\\ResumeAI\\src\\components\\UserMenu.tsx"
2026-03-09T07:45:43.674818Z  INFO tailwindcss_oxide::scanner: Reading "D:\\ResumeAI\\src\\components\\templates\\TechTemplate.tsx"
2026-03-09T07:45:43.674979Z  INFO tailwindcss_oxide::scanner: Reading "D:\\ResumeAI\\src\\app\\api\\razorpay\\create-order\\route.ts"
2026-03-09T07:45:43.675033Z  INFO tailwindcss_oxide::scanner: Reading "D:\\ResumeAI\\src\\app\\ats-tracker\\page.tsx"
2026-03-09T07:45:43.675196Z  INFO tailwindcss_oxide::scanner: Reading "D:\\ResumeAI\\src\\app\\api\\razorpay\\verify\\route.ts"
2026-03-09T07:45:43.675209Z  INFO tailwindcss_oxide::scanner: Reading "D:\\ResumeAI\\src\\hooks\\useMousePosition.ts"
2026-03-09T07:45:43.675262Z  INFO tailwindcss_oxide::scanner: Reading "D:\\ResumeAI\\src\\app\\auth\\signin\\page.tsx"
2026-03-09T07:45:43.675318Z  INFO tailwindcss_oxide::scanner: Reading "D:\\ResumeAI\\src\\components\\ThemeProvider.tsx"
2026-03-09T07:45:43.675419Z  INFO tailwindcss_oxide::scanner: Reading "D:\\ResumeAI\\src\\app\\builder\\page.tsx"
2026-03-09T07:45:43.675421Z  INFO tailwindcss_oxide::scanner: Reading "D:\\ResumeAI\\src\\components\\form\\ProjectsSection.tsx"
2026-03-09T07:45:43.675444Z  INFO tailwindcss_oxide::scanner: Reading "D:\\ResumeAI\\src\\app\\api\\resume-fix\\route.ts"
2026-03-09T07:45:43.675630Z  INFO tailwindcss_oxide::scanner: Reading "D:\\ResumeAI\\src\\app\\dashboard\\page.tsx"
2026-03-09T07:45:43.675777Z  INFO tailwindcss_oxide::scanner: Reading "D:\\ResumeAI\\src\\app\\error.tsx"
2026-03-09T07:45:43.675827Z  INFO tailwindcss_oxide::scanner: Reading "D:\\ResumeAI\\eslint.config.mjs"
2026-03-09T07:45:43.675534Z  INFO tailwindcss_oxide::scanner: Reading "D:\\ResumeAI\\src\\app\\api\\resumes\\[id]\\cover-letter\\route.ts"
2026-03-09T07:45:43.675921Z  INFO tailwindcss_oxide::scanner: Reading "D:\\ResumeAI\\src\\components\\form\\cards\\ExperienceCard.tsx"
2026-03-09T07:45:43.675935Z  INFO tailwindcss_oxide::scanner: Reading "D:\\ResumeAI\\src\\app\\global-error.tsx"
2026-03-09T07:45:43.675982Z  INFO tailwindcss_oxide::scanner: Reading "D:\\ResumeAI\\src\\app\\not-found.tsx"
2026-03-09T07:45:43.676081Z  INFO tailwindcss_oxide::scanner: Reading "D:\\ResumeAI\\next.config.ts"
2026-03-09T07:45:43.676093Z  INFO tailwindcss_oxide::scanner: Reading "D:\\ResumeAI\\src\\app\\layout.tsx"
2026-03-09T07:45:43.676157Z  INFO tailwindcss_oxide::scanner: Reading "D:\\ResumeAI\\src\\app\\api\\resumes\\[id]\\share\\route.ts"
2026-03-09T07:45:43.675499Z  INFO tailwindcss_oxide::scanner: Reading "D:\\ResumeAI\\src\\lib\\ai.ts"
2026-03-09T07:45:43.676317Z  INFO tailwindcss_oxide::scanner: Reading "D:\\ResumeAI\\package.json"
2026-03-09T07:45:43.676402Z  INFO tailwindcss_oxide::scanner: Reading "D:\\ResumeAI\\src\\app\\api\\rewrite-bullets\\route.ts"
2026-03-09T07:45:43.676587Z  INFO tailwindcss_oxide::scanner: Reading "D:\\ResumeAI\\postcss.config.mjs"
2026-03-09T07:45:43.676632Z  INFO tailwindcss_oxide::scanner: Reading "D:\\ResumeAI\\src\\app\\api\\suggest\\route.ts"
2026-03-09T07:45:43.676644Z  INFO tailwindcss_oxide::scanner: Reading "D:\\ResumeAI\\src\\components\\templates\\AcademicTemplate.tsx"
2026-03-09T07:45:43.676269Z  INFO tailwindcss_oxide::scanner: Reading "D:\\ResumeAI\\src\\app\\page.tsx"
2026-03-09T07:45:43.676669Z  INFO tailwindcss_oxide::scanner: Reading "D:\\ResumeAI\\src\\components\\form\\cards\\ProjectCard.tsx"
2026-03-09T07:45:43.676768Z  INFO tailwindcss_oxide::scanner: Reading "D:\\ResumeAI\\src\\components\\form\\TargetAndJDSection.tsx"
2026-03-09T07:45:43.676835Z  INFO tailwindcss_oxide::scanner: Reading "D:\\ResumeAI\\prisma\\schema.prisma"
2026-03-09T07:45:43.676887Z  INFO tailwindcss_oxide::scanner: Reading "D:\\ResumeAI\\src\\lib\\ats-engine.ts"
2026-03-09T07:45:43.676897Z  INFO tailwindcss_oxide::scanner: Reading "D:\\ResumeAI\\src\\app\\api\\templates\\[id]\\route.ts"
2026-03-09T07:45:43.676954Z  INFO tailwindcss_oxide::scanner: Reading "D:\\ResumeAI\\src\\components\\ThemeToggle.tsx"
2026-03-09T07:45:43.677031Z  INFO tailwindcss_oxide::scanner: Reading "D:\\ResumeAI\\prisma.config.ts"
2026-03-09T07:45:43.675835Z  INFO tailwindcss_oxide::scanner: Reading "D:\\ResumeAI\\src\\app\\api\\resume-review\\route.ts"
2026-03-09T07:45:43.677108Z  INFO tailwindcss_oxide::scanner: Reading "D:\\ResumeAI\\src\\app\\profile\\page.tsx"
2026-03-09T07:45:43.677167Z  INFO tailwindcss_oxide::scanner: Reading "D:\\ResumeAI\\src\\app\\api\\user\\password\\route.ts"
2026-03-09T07:45:43.677215Z  INFO tailwindcss_oxide::scanner: Reading "D:\\ResumeAI\\src\\components\\templates\\BoldTemplate.tsx"
2026-03-09T07:45:43.677307Z  INFO tailwindcss_oxide::scanner: Reading "D:\\ResumeAI\\src\\components\\GeometricBackground.tsx"
2026-03-09T07:45:43.677346Z  INFO tailwindcss_oxide::scanner: Reading "D:\\ResumeAI\\public\\file.svg"
2026-03-09T07:45:43.677377Z  INFO tailwindcss_oxide::scanner: Reading "D:\\ResumeAI\\src\\app\\r\\[id]\\page.tsx"
2026-03-09T07:45:43.677379Z  INFO tailwindcss_oxide::scanner: Reading "D:\\ResumeAI\\src\\app\\api\\user\\route.ts"
2026-03-09T07:45:43.677530Z  INFO tailwindcss_oxide::scanner: Reading "D:\\ResumeAI\\src\\lib\\auth.ts"
2026-03-09T07:45:43.677590Z  INFO tailwindcss_oxide::scanner: Reading "D:\\ResumeAI\\src\\components\\Header.tsx"
2026-03-09T07:45:43.677610Z  INFO tailwindcss_oxide::scanner: Reading "D:\\ResumeAI\\src\\components\\ChatBot.tsx"
2026-03-09T07:45:43.677786Z  INFO tailwindcss_oxide::scanner: Reading "D:\\ResumeAI\\src\\components\\Providers.tsx"
2026-03-09T07:45:43.677663Z  INFO tailwindcss_oxide::scanner: Reading "D:\\ResumeAI\\src\\components\\ui\\accordion.tsx"
2026-03-09T07:45:43.677871Z  INFO tailwindcss_oxide::scanner: Reading "D:\\ResumeAI\\public\\window.svg"
2026-03-09T07:45:43.677956Z  INFO tailwindcss_oxide::scanner: Reading "D:\\ResumeAI\\src\\components\\form\\EducationSection.tsx"
2026-03-09T07:45:43.678087Z  INFO tailwindcss_oxide::scanner: Reading "D:\\ResumeAI\\src\\components\\AIBadge.tsx"
2026-03-09T07:45:43.678101Z  INFO tailwindcss_oxide::scanner: Reading "D:\\ResumeAI\\public\\globe.svg"
2026-03-09T07:45:43.678376Z  INFO tailwindcss_oxide::scanner: Reading "D:\\ResumeAI\\src\\app\\api\\auth\\register\\route.ts"
2026-03-09T07:45:43.678402Z  INFO tailwindcss_oxide::scanner: Reading "D:\\ResumeAI\\src\\components\\ui\\avatar.tsx"
2026-03-09T07:45:43.678397Z  INFO tailwindcss_oxide::scanner: Reading "D:\\ResumeAI\\src\\lib\\credits.ts"
2026-03-09T07:45:43.678436Z  INFO tailwindcss_oxide::scanner: Reading "D:\\ResumeAI\\public\\next.svg"
2026-03-09T07:45:43.678516Z  INFO tailwindcss_oxide::scanner: Reading "D:\\ResumeAI\\src\\components\\form\\ExperienceSection.tsx"
2026-03-09T07:45:43.678573Z  INFO tailwindcss_oxide::scanner: Reading "D:\\ResumeAI\\src\\components\\ResumeForm.tsx"
2026-03-09T07:45:43.678623Z  INFO tailwindcss_oxide::scanner: Reading "D:\\ResumeAI\\src\\app\\api\\auth\\[...nextauth]\\route.ts"
2026-03-09T07:45:43.678736Z  INFO tailwindcss_oxide::scanner: Reading "D:\\ResumeAI\\src\\lib\\prisma.ts"
2026-03-09T07:45:43.678805Z  INFO tailwindcss_oxide::scanner: Reading "D:\\ResumeAI\\scripts\\setup.js"
2026-03-09T07:45:43.678859Z  INFO tailwindcss_oxide::scanner: Reading "D:\\ResumeAI\\src\\app\\api\\chat\\route.ts"
2026-03-09T07:45:43.678976Z  INFO tailwindcss_oxide::scanner: Reading "D:\\ResumeAI\\src\\components\\templates\\DesignerTemplate.tsx"
2026-03-09T07:45:43.679056Z  INFO tailwindcss_oxide::scanner: Reading "D:\\ResumeAI\\src\\components\\ui\\button.tsx"
2026-03-09T07:45:43.679099Z  INFO tailwindcss_oxide::scanner: Reading "D:\\ResumeAI\\src\\app\\api\\cover-letter\\route.ts"
2026-03-09T07:45:43.679103Z  INFO tailwindcss_oxide::scanner: Reading "D:\\ResumeAI\\src\\components\\templates\\CreativeTemplate.tsx"
2026-03-09T07:45:43.679124Z  INFO tailwindcss_oxide::scanner: Reading "D:\\ResumeAI\\scripts\\test-pg.js"
2026-03-09T07:45:43.679167Z  INFO tailwindcss_oxide::scanner: Reading "D:\\ResumeAI\\src\\lib\\redis.ts"
2026-03-09T07:45:43.679368Z  INFO tailwindcss_oxide::scanner: Reading "D:\\ResumeAI\\src\\app\\api\\credits\\route.ts"
2026-03-09T07:45:43.679384Z  INFO tailwindcss_oxide::scanner: Reading "D:\\ResumeAI\\README.md"
2026-03-09T07:45:43.679403Z  INFO tailwindcss_oxide::scanner: Reading "D:\\ResumeAI\\src\\app\\api\\ats-score\\route.ts"
2026-03-09T07:45:43.679425Z  INFO tailwindcss_oxide::scanner: Reading "D:\\ResumeAI\\src\\components\\ui\\card.tsx"
2026-03-09T07:45:43.679158Z  INFO tailwindcss_oxide::scanner: Reading "D:\\ResumeAI\\public\\vercel.svg"
2026-03-09T07:45:43.679585Z  INFO tailwindcss_oxide::scanner: Reading "D:\\ResumeAI\\src\\components\\templates\\ElegantTemplate.tsx"
2026-03-09T07:45:43.679671Z  INFO tailwindcss_oxide::scanner: Reading "D:\\ResumeAI\\src\\app\\api\\generate\\route.ts"
2026-03-09T07:45:43.679707Z  INFO tailwindcss_oxide::scanner: Reading "D:\\ResumeAI\\src\\components\\ui\\input.tsx"
2026-03-09T07:45:43.679741Z  INFO tailwindcss_oxide::scanner: Reading "D:\\ResumeAI\\src\\app\\api\\ats-tracker\\route.ts"
2026-03-09T07:45:43.679923Z  INFO tailwindcss_oxide::scanner: Reading "D:\\ResumeAI\\src\\app\\api\\parse-resume\\route.ts"
2026-03-09T07:45:43.680069Z  INFO tailwindcss_oxide::scanner: Reading "D:\\ResumeAI\\src\\components\\templates\\ModernTemplate.tsx"
2026-03-09T07:45:43.680092Z  INFO tailwindcss_oxide::scanner: Reading "D:\\ResumeAI\\scripts\\create-db.js"
2026-03-09T07:45:43.680151Z  INFO tailwindcss_oxide::scanner: Reading "D:\\ResumeAI\\src\\components\\ui\\label.tsx"
2026-03-09T07:45:43.680189Z  INFO tailwindcss_oxide::scanner: Reading "D:\\ResumeAI\\src\\components\\templates\\FinanceTemplate.tsx"
2026-03-09T07:45:43.680276Z  INFO tailwindcss_oxide::scanner: Reading "D:\\ResumeAI\\src\\components\\templates\\ExecutiveTemplate.tsx"
2026-03-09T07:45:43.680326Z  INFO tailwindcss_oxide::scanner: Reading "D:\\ResumeAI\\src\\components\\ui\\dialog.tsx"
2026-03-09T07:45:43.680349Z  INFO tailwindcss_oxide::scanner: Reading "D:\\ResumeAI\\src\\lib\\utils.ts"
2026-03-09T07:45:43.680332Z  INFO tailwindcss_oxide::scanner: Reading "D:\\ResumeAI\\src\\components\\templates\\ProfessionalTemplate.tsx"
2026-03-09T07:45:43.680361Z  INFO tailwindcss_oxide::scanner: Reading "D:\\ResumeAI\\src\\components\\templates\\MinimalTemplate.tsx"
2026-03-09T07:45:43.680786Z  INFO tailwindcss_oxide::scanner: Reading "D:\\ResumeAI\\tsconfig.json"
2026-03-09T07:45:43.680806Z  INFO tailwindcss_oxide::scanner: Reading "D:\\ResumeAI\\src\\components\\ui\\dropdown-menu.tsx"
2026-03-09T07:45:43.680866Z  INFO tailwindcss_oxide::scanner: Reading "D:\\ResumeAI\\src\\lib\\validations\\resume.ts"
2026-03-09T07:45:43.680948Z  INFO tailwindcss_oxide::scanner: Reading "D:\\ResumeAI\\src\\components\\ui\\select.tsx"
2026-03-09T07:45:43.680976Z  INFO tailwindcss_oxide::scanner: Reading "D:\\ResumeAI\\src\\components\\templates\\CompactTemplate.tsx"
2026-03-09T07:45:43.680939Z  INFO tailwindcss_oxide::scanner: Reading "D:\\ResumeAI\\src\\components\\ui\\separator.tsx"
2026-03-09T07:45:43.681013Z  INFO tailwindcss_oxide::scanner: Reading "D:\\ResumeAI\\src\\types\\resume.ts"
2026-03-09T07:45:43.681083Z  INFO tailwindcss_oxide::scanner: Reading "D:\\ResumeAI\\src\\store\\useResumeStore.ts"
2026-03-09T07:45:43.676263Z  INFO tailwindcss_oxide::scanner: Reading "D:\\ResumeAI\\src\\app\\api\\resumes\\route.ts"
2026-03-09T07:45:43.682234Z  INFO tailwindcss_oxide::scanner: Reading "D:\\ResumeAI\\src\\components\\DebouncedInput.tsx"
2026-03-09T07:45:43.682266Z  INFO tailwindcss_oxide::scanner: Reading "D:\\ResumeAI\\src\\components\\templates\\ClassicTemplate.tsx"
2026-03-09T07:45:43.682340Z  INFO tailwindcss_oxide::scanner: Reading "D:\\ResumeAI\\src\\components\\templates\\DataScientistTemplate.tsx"
2026-03-09T07:45:43.683006Z  INFO discover_sources: tailwindcss_oxide::scanner: exit
2026-03-09T07:45:43.683121Z  INFO extract_candidates: tailwindcss_oxide::scanner: enter
2026-03-09T07:45:43.683136Z  INFO extract_candidates:parse_all_blobs: tailwindcss_oxide::scanner: enter
2026-03-09T07:45:43.683152Z  INFO extract_candidates:parse_all_blobs:extract: tailwindcss_oxide::scanner: enter
2026-03-09T07:45:43.694519Z  INFO extract_candidates:parse_all_blobs:extract: tailwindcss_oxide::scanner: exit
2026-03-09T07:45:43.694929Z  INFO extract_candidates:parse_all_blobs: tailwindcss_oxide::scanner: exit
2026-03-09T07:45:43.694980Z  INFO extract_candidates:read_all_files: tailwindcss_oxide::scanner: enter
2026-03-09T07:45:43.694995Z  INFO extract_candidates:read_all_files: tailwindcss_oxide::scanner: Reading 2 file(s)
2026-03-09T07:45:43.695679Z  INFO tailwindcss_oxide::scanner: Reading "D:\\ResumeAI\\src\\app\\globals.css"
2026-03-09T07:45:43.696133Z  INFO tailwindcss_oxide::scanner: Reading "D:\\ResumeAI\\src\\app\\builder\\page.module.css"
2026-03-09T07:45:43.696231Z  INFO extract_candidates:read_all_files: tailwindcss_oxide::scanner: exit
2026-03-09T07:45:43.696288Z  INFO extract_candidates:extract_css_variables: tailwindcss_oxide::scanner: enter
2026-03-09T07:45:43.696302Z  INFO extract_candidates:extract_css_variables:extract: tailwindcss_oxide::scanner: enter
2026-03-09T07:45:43.696788Z  INFO extract_candidates:extract_css_variables:extract: tailwindcss_oxide::scanner: exit
2026-03-09T07:45:43.696824Z  INFO extract_candidates:extract_css_variables: tailwindcss_oxide::scanner: exit
2026-03-09T07:45:43.699364Z  INFO extract_candidates: tailwindcss_oxide::scanner: exit
2026-03-09T07:45:43.705644Z  INFO get_files: tailwindcss_oxide::scanner: enter
2026-03-09T07:45:43.705710Z  INFO get_files:discover_sources: tailwindcss_oxide::scanner: enter
2026-03-09T07:45:43.705829Z  INFO get_files:discover_sources: tailwindcss_oxide::scanner: exit
2026-03-09T07:45:43.706206Z  INFO get_files: tailwindcss_oxide::scanner: exit
2026-03-09T07:45:43.706988Z  INFO get_globs: tailwindcss_oxide::scanner: enter
2026-03-09T07:45:43.707020Z  INFO get_globs:discover_sources: tailwindcss_oxide::scanner: enter
2026-03-09T07:45:43.707034Z  INFO get_globs:discover_sources: tailwindcss_oxide::scanner: exit
2026-03-09T07:45:43.764127Z  INFO get_globs: tailwindcss_oxide::scanner: exit
